This file contains any messages produced by compilers while
running configure, to aid debugging if configure makes a mistake.

It was created by joy configure 4.1.0, which was
generated by GNU Autoconf 2.63.  Invocation command line was

  $ ./configure --enable-gzip

## --------- ##
## Platform. ##
## --------- ##

hostname = healthsense-av
uname -m = x86_64
uname -r = 4.15.0-43-generic
uname -s = Linux
uname -v = #46~16.04.1-Ubuntu SMP Fri Dec 7 13:31:08 UTC 2018

/usr/bin/uname -p = unknown
/bin/uname -X     = unknown

/bin/arch              = unknown
/usr/bin/arch -k       = unknown
/usr/convex/getsysinfo = unknown
/usr/bin/hostinfo      = unknown
/bin/machine           = unknown
/usr/bin/oslevel       = unknown
/bin/universe          = unknown

PATH: /home/healthsense/bin
PATH: /home/healthsense/.local/bin
PATH: /usr/local/sbin
PATH: /usr/local/bin
PATH: /usr/sbin
PATH: /usr/bin
PATH: /sbin
PATH: /bin
PATH: /usr/games
PATH: /usr/local/games
PATH: /snap/bin


## ----------- ##
## Core tests. ##
## ----------- ##

configure:2105: checking for a BSD-compatible install
configure:2173: result: /usr/bin/install -c
configure:2184: checking whether build environment is sane
configure:2244: result: yes
configure:2385: checking for a thread-safe mkdir -p
configure:2424: result: /bin/mkdir -p
configure:2437: checking for gawk
configure:2453: found /usr/bin/gawk
configure:2464: result: gawk
configure:2475: checking whether make sets $(MAKE)
configure:2497: result: yes
configure:2591: checking for style of include used by make
configure:2619: result: GNU
configure:2689: checking for gcc
configure:2705: found /usr/bin/gcc
configure:2716: result: gcc
configure:2948: checking for C compiler version
configure:2956: gcc --version >&5
gcc (Ubuntu 5.4.0-6ubuntu1~16.04.11) 5.4.0 20160609
Copyright (C) 2015 Free Software Foundation, Inc.
This is free software; see the source for copying conditions.  There is NO
warranty; not even for MERCHANTABILITY or FITNESS FOR A PARTICULAR PURPOSE.

configure:2960: $? = 0
configure:2967: gcc -v >&5
Using built-in specs.
COLLECT_GCC=gcc
COLLECT_LTO_WRAPPER=/usr/lib/gcc/x86_64-linux-gnu/5/lto-wrapper
Target: x86_64-linux-gnu
Configured with: ../src/configure -v --with-pkgversion='Ubuntu 5.4.0-6ubuntu1~16.04.11' --with-bugurl=file:///usr/share/doc/gcc-5/README.Bugs --enable-languages=c,ada,c++,java,go,d,fortran,objc,obj-c++ --prefix=/usr --program-suffix=-5 --enable-shared --enable-linker-build-id --libexecdir=/usr/lib --without-included-gettext --enable-threads=posix --libdir=/usr/lib --enable-nls --with-sysroot=/ --enable-clocale=gnu --enable-libstdcxx-debug --enable-libstdcxx-time=yes --with-default-libstdcxx-abi=new --enable-gnu-unique-object --disable-vtable-verify --enable-libmpx --enable-plugin --with-system-zlib --disable-browser-plugin --enable-java-awt=gtk --enable-gtk-cairo --with-java-home=/usr/lib/jvm/java-1.5.0-gcj-5-amd64/jre --enable-java-home --with-jvm-root-dir=/usr/lib/jvm/java-1.5.0-gcj-5-amd64 --with-jvm-jar-dir=/usr/lib/jvm-exports/java-1.5.0-gcj-5-amd64 --with-arch-directory=amd64 --with-ecj-jar=/usr/share/java/eclipse-ecj.jar --enable-objc-gc --enable-multiarch --disable-werror --with-arch-32=i686 --with-abi=m64 --with-multilib-list=m32,m64,mx32 --enable-multilib --with-tune=generic --enable-checking=release --build=x86_64-linux-gnu --host=x86_64-linux-gnu --target=x86_64-linux-gnu
Thread model: posix
gcc version 5.4.0 20160609 (Ubuntu 5.4.0-6ubuntu1~16.04.11) 
configure:2971: $? = 0
configure:2978: gcc -V >&5
gcc: error: unrecognized command line option '-V'
gcc: fatal error: no input files
compilation terminated.
configure:2982: $? = 1
configure:3005: checking for C compiler default output file name
configure:3027: gcc    conftest.c  >&5
configure:3031: $? = 0
configure:3069: result: a.out
configure:3088: checking whether the C compiler works
configure:3098: ./a.out
configure:3102: $? = 0
configure:3121: result: yes
configure:3128: checking whether we are cross compiling
configure:3130: result: no
configure:3133: checking for suffix of executables
configure:3140: gcc -o conftest    conftest.c  >&5
configure:3144: $? = 0
configure:3170: result: 
configure:3176: checking for suffix of object files
configure:3202: gcc -c   conftest.c >&5
configure:3206: $? = 0
configure:3231: result: o
configure:3235: checking whether we are using the GNU C compiler
configure:3264: gcc -c   conftest.c >&5
configure:3271: $? = 0
configure:3288: result: yes
configure:3297: checking whether gcc accepts -g
configure:3327: gcc -c -g  conftest.c >&5
configure:3334: $? = 0
configure:3435: result: yes
configure:3452: checking for gcc option to accept ISO C89
configure:3526: gcc  -c -g -O2  conftest.c >&5
configure:3533: $? = 0
configure:3556: result: none needed
configure:3576: checking dependency style of gcc
configure:3686: result: gcc3
configure:3707: checking how to run the C preprocessor
configure:3747: gcc -E  conftest.c
configure:3754: $? = 0
configure:3785: gcc -E  conftest.c
conftest.c:10:28: fatal error: ac_nonexistent.h: No such file or directory
compilation terminated.
configure:3792: $? = 1
configure: failed program was:
| /* confdefs.h.  */
| #define PACKAGE_NAME "joy"
| #define PACKAGE_TARNAME "joy"
| #define PACKAGE_VERSION "4.1.0"
| #define PACKAGE_STRING "joy 4.1.0"
| #define PACKAGE_BUGREPORT "https://github.com/cisco/joy/issues"
| #define PACKAGE "joy"
| #define VERSION "4.1.0"
| /* end confdefs.h.  */
| #include <ac_nonexistent.h>
configure:3825: result: gcc -E
configure:3854: gcc -E  conftest.c
configure:3861: $? = 0
configure:3892: gcc -E  conftest.c
conftest.c:10:28: fatal error: ac_nonexistent.h: No such file or directory
compilation terminated.
configure:3899: $? = 1
configure: failed program was:
| /* confdefs.h.  */
| #define PACKAGE_NAME "joy"
| #define PACKAGE_TARNAME "joy"
| #define PACKAGE_VERSION "4.1.0"
| #define PACKAGE_STRING "joy 4.1.0"
| #define PACKAGE_BUGREPORT "https://github.com/cisco/joy/issues"
| #define PACKAGE "joy"
| #define VERSION "4.1.0"
| /* end confdefs.h.  */
| #include <ac_nonexistent.h>
configure:3939: checking for grep that handles long lines and -e
configure:3999: result: /bin/grep
configure:4004: checking for egrep
configure:4068: result: /bin/grep -E
configure:4073: checking for ANSI C header files
configure:4103: gcc -c -g -O2  conftest.c >&5
configure:4110: $? = 0
configure:4209: gcc -o conftest -g -O2   conftest.c  >&5
configure:4213: $? = 0
configure:4219: ./conftest
configure:4223: $? = 0
configure:4241: result: yes
configure:4265: checking for sys/types.h
configure:4286: gcc -c -g -O2  conftest.c >&5
configure:4293: $? = 0
configure:4310: result: yes
configure:4265: checking for sys/stat.h
configure:4286: gcc -c -g -O2  conftest.c >&5
configure:4293: $? = 0
configure:4310: result: yes
configure:4265: checking for stdlib.h
configure:4286: gcc -c -g -O2  conftest.c >&5
configure:4293: $? = 0
configure:4310: result: yes
configure:4265: checking for string.h
configure:4286: gcc -c -g -O2  conftest.c >&5
configure:4293: $? = 0
configure:4310: result: yes
configure:4265: checking for memory.h
configure:4286: gcc -c -g -O2  conftest.c >&5
configure:4293: $? = 0
configure:4310: result: yes
configure:4265: checking for strings.h
configure:4286: gcc -c -g -O2  conftest.c >&5
configure:4293: $? = 0
configure:4310: result: yes
configure:4265: checking for inttypes.h
configure:4286: gcc -c -g -O2  conftest.c >&5
configure:4293: $? = 0
configure:4310: result: yes
configure:4265: checking for stdint.h
configure:4286: gcc -c -g -O2  conftest.c >&5
configure:4293: $? = 0
configure:4310: result: yes
configure:4265: checking for unistd.h
configure:4286: gcc -c -g -O2  conftest.c >&5
configure:4293: $? = 0
configure:4310: result: yes
configure:4335: checking minix/config.h usability
configure:4352: gcc -c -g -O2  conftest.c >&5
conftest.c:53:26: fatal error: minix/config.h: No such file or directory
compilation terminated.
configure:4359: $? = 1
configure: failed program was:
| /* confdefs.h.  */
| #define PACKAGE_NAME "joy"
| #define PACKAGE_TARNAME "joy"
| #define PACKAGE_VERSION "4.1.0"
| #define PACKAGE_STRING "joy 4.1.0"
| #define PACKAGE_BUGREPORT "https://github.com/cisco/joy/issues"
| #define PACKAGE "joy"
| #define VERSION "4.1.0"
| #define STDC_HEADERS 1
| #define HAVE_SYS_TYPES_H 1
| #define HAVE_SYS_STAT_H 1
| #define HAVE_STDLIB_H 1
| #define HAVE_STRING_H 1
| #define HAVE_MEMORY_H 1
| #define HAVE_STRINGS_H 1
| #define HAVE_INTTYPES_H 1
| #define HAVE_STDINT_H 1
| #define HAVE_UNISTD_H 1
| /* end confdefs.h.  */
| #include <stdio.h>
| #ifdef HAVE_SYS_TYPES_H
| # include <sys/types.h>
| #endif
| #ifdef HAVE_SYS_STAT_H
| # include <sys/stat.h>
| #endif
| #ifdef STDC_HEADERS
| # include <stdlib.h>
| # include <stddef.h>
| #else
| # ifdef HAVE_STDLIB_H
| #  include <stdlib.h>
| # endif
| #endif
| #ifdef HAVE_STRING_H
| # if !defined STDC_HEADERS && defined HAVE_MEMORY_H
| #  include <memory.h>
| # endif
| # include <string.h>
| #endif
| #ifdef HAVE_STRINGS_H
| # include <strings.h>
| #endif
| #ifdef HAVE_INTTYPES_H
| # include <inttypes.h>
| #endif
| #ifdef HAVE_STDINT_H
| # include <stdint.h>
| #endif
| #ifdef HAVE_UNISTD_H
| # include <unistd.h>
| #endif
| #include <minix/config.h>
configure:4373: result: no
configure:4377: checking minix/config.h presence
configure:4392: gcc -E  conftest.c
conftest.c:20:26: fatal error: minix/config.h: No such file or directory
compilation terminated.
configure:4399: $? = 1
configure: failed program was:
| /* confdefs.h.  */
| #define PACKAGE_NAME "joy"
| #define PACKAGE_TARNAME "joy"
| #define PACKAGE_VERSION "4.1.0"
| #define PACKAGE_STRING "joy 4.1.0"
| #define PACKAGE_BUGREPORT "https://github.com/cisco/joy/issues"
| #define PACKAGE "joy"
| #define VERSION "4.1.0"
| #define STDC_HEADERS 1
| #define HAVE_SYS_TYPES_H 1
| #define HAVE_SYS_STAT_H 1
| #define HAVE_STDLIB_H 1
| #define HAVE_STRING_H 1
| #define HAVE_MEMORY_H 1
| #define HAVE_STRINGS_H 1
| #define HAVE_INTTYPES_H 1
| #define HAVE_STDINT_H 1
| #define HAVE_UNISTD_H 1
| /* end confdefs.h.  */
| #include <minix/config.h>
configure:4413: result: no
configure:4446: checking for minix/config.h
configure:4453: result: no
configure:4484: checking whether it is safe to define __EXTENSIONS__
configure:4512: gcc -c -g -O2  conftest.c >&5
configure:4519: $? = 0
configure:4534: result: yes
configure:4559: checking whether to enable maintainer-specific portions of Makefiles
configure:4568: result: no
configure:4632: checking for gcc
configure:4659: result: gcc
configure:4891: checking for C compiler version
configure:4899: gcc --version >&5
gcc (Ubuntu 5.4.0-6ubuntu1~16.04.11) 5.4.0 20160609
Copyright (C) 2015 Free Software Foundation, Inc.
This is free software; see the source for copying conditions.  There is NO
warranty; not even for MERCHANTABILITY or FITNESS FOR A PARTICULAR PURPOSE.

configure:4903: $? = 0
configure:4910: gcc -v >&5
Using built-in specs.
COLLECT_GCC=gcc
COLLECT_LTO_WRAPPER=/usr/lib/gcc/x86_64-linux-gnu/5/lto-wrapper
Target: x86_64-linux-gnu
Configured with: ../src/configure -v --with-pkgversion='Ubuntu 5.4.0-6ubuntu1~16.04.11' --with-bugurl=file:///usr/share/doc/gcc-5/README.Bugs --enable-languages=c,ada,c++,java,go,d,fortran,objc,obj-c++ --prefix=/usr --program-suffix=-5 --enable-shared --enable-linker-build-id --libexecdir=/usr/lib --without-included-gettext --enable-threads=posix --libdir=/usr/lib --enable-nls --with-sysroot=/ --enable-clocale=gnu --enable-libstdcxx-debug --enable-libstdcxx-time=yes --with-default-libstdcxx-abi=new --enable-gnu-unique-object --disable-vtable-verify --enable-libmpx --enable-plugin --with-system-zlib --disable-browser-plugin --enable-java-awt=gtk --enable-gtk-cairo --with-java-home=/usr/lib/jvm/java-1.5.0-gcj-5-amd64/jre --enable-java-home --with-jvm-root-dir=/usr/lib/jvm/java-1.5.0-gcj-5-amd64 --with-jvm-jar-dir=/usr/lib/jvm-exports/java-1.5.0-gcj-5-amd64 --with-arch-directory=amd64 --with-ecj-jar=/usr/share/java/eclipse-ecj.jar --enable-objc-gc --enable-multiarch --disable-werror --with-arch-32=i686 --with-abi=m64 --with-multilib-list=m32,m64,mx32 --enable-multilib --with-tune=generic --enable-checking=release --build=x86_64-linux-gnu --host=x86_64-linux-gnu --target=x86_64-linux-gnu
Thread model: posix
gcc version 5.4.0 20160609 (Ubuntu 5.4.0-6ubuntu1~16.04.11) 
configure:4914: $? = 0
configure:4921: gcc -V >&5
gcc: error: unrecognized command line option '-V'
gcc: fatal error: no input files
compilation terminated.
configure:4925: $? = 1
configure:4928: checking whether we are using the GNU C compiler
configure:4981: result: yes
configure:4990: checking whether gcc accepts -g
configure:5128: result: yes
configure:5145: checking for gcc option to accept ISO C89
configure:5249: result: none needed
configure:5269: checking dependency style of gcc
configure:5379: result: gcc3
configure:5395: checking whether gcc and cc understand -c and -o together
configure:5430: gcc -c conftest.c -o conftest2.o >&5
configure:5434: $? = 0
configure:5440: gcc -c conftest.c -o conftest2.o >&5
configure:5444: $? = 0
configure:5455: cc -c conftest.c >&5
configure:5459: $? = 0
configure:5467: cc -c conftest.c -o conftest2.o >&5
configure:5471: $? = 0
configure:5477: cc -c conftest.c -o conftest2.o >&5
configure:5481: $? = 0
configure:5499: result: yes
configure:5569: checking for ranlib
configure:5585: found /usr/bin/ranlib
configure:5596: result: ranlib
configure:5677: checking build system type
configure:5695: result: x86_64-unknown-linux-gnu
configure:5717: checking host system type
configure:5732: result: x86_64-unknown-linux-gnu
configure:5754: checking for a sed that does not truncate output
configure:5820: result: /bin/sed
configure:5838: checking for fgrep
configure:5902: result: /bin/grep -F
configure:5937: checking for ld used by gcc
configure:6004: result: /usr/bin/ld
configure:6013: checking if the linker (/usr/bin/ld) is GNU ld
configure:6028: result: yes
configure:6040: checking for BSD- or MS-compatible name lister (nm)
configure:6089: result: /usr/bin/nm -B
configure:6207: checking the name lister (/usr/bin/nm -B) interface
configure:6214: gcc -c -g -O2  conftest.c >&5
configure:6217: /usr/bin/nm -B "conftest.o"
configure:6220: output
0000000000000000 B some_variable
configure:6227: result: BSD nm
configure:6230: checking whether ln -s works
configure:6234: result: yes
configure:6242: checking the maximum length of command line arguments
configure:6362: result: 1572864
configure:6379: checking whether the shell understands some XSI constructs
configure:6389: result: yes
configure:6393: checking whether the shell understands "+="
configure:6399: result: yes
configure:6434: checking for /usr/bin/ld option to reload object files
configure:6441: result: -r
configure:6510: checking for objdump
configure:6526: found /usr/bin/objdump
configure:6537: result: objdump
configure:6569: checking how to recognize dependent libraries
configure:6765: result: pass_all
configure:6825: checking for ar
configure:6841: found /usr/bin/ar
configure:6852: result: ar
configure:6930: checking for strip
configure:6946: found /usr/bin/strip
configure:6957: result: strip
configure:7029: checking for ranlib
configure:7056: result: ranlib
configure:7146: checking command to parse /usr/bin/nm -B output from gcc object
configure:7264: gcc -c -g -O2  conftest.c >&5
configure:7267: $? = 0
configure:7271: /usr/bin/nm -B conftest.o \| sed -n -e 's/^.*[	 ]\([ABCDGIRSTW][ABCDGIRSTW]*\)[	 ][	 ]*\([_A-Za-z][_A-Za-z0-9]*\)$/\1 \2 \2/p' \> conftest.nm
configure:7274: $? = 0
configure:7328: gcc -o conftest -g -O2   conftest.c conftstm.o >&5
configure:7331: $? = 0
configure:7369: result: ok
configure:7464: gcc -c -g -O2  conftest.c >&5
configure:7467: $? = 0
configure:8234: checking for dlfcn.h
configure:8255: gcc -c -g -O2  conftest.c >&5
configure:8262: $? = 0
configure:8279: result: yes
configure:8465: checking for objdir
configure:8480: result: .libs
configure:8776: checking if gcc supports -fno-rtti -fno-exceptions
configure:8794: gcc -c -g -O2  -fno-rtti -fno-exceptions conftest.c >&5
cc1: warning: command line option '-fno-rtti' is valid for C++/ObjC++ but not for C
configure:8798: $? = 0
configure:8811: result: no
configure:8831: checking for gcc option to produce PIC
configure:9103: result: -fPIC -DPIC
configure:9115: checking if gcc PIC flag -fPIC -DPIC works
configure:9133: gcc -c -g -O2  -fPIC -DPIC -DPIC conftest.c >&5
configure:9137: $? = 0
configure:9150: result: yes
configure:9174: checking if gcc static flag -static works
configure:9202: result: yes
configure:9217: checking if gcc supports -c -o file.o
configure:9238: gcc -c -g -O2  -o out/conftest2.o conftest.c >&5
configure:9242: $? = 0
configure:9264: result: yes
configure:9272: checking if gcc supports -c -o file.o
configure:9319: result: yes
configure:9352: checking whether the gcc linker (/usr/bin/ld -m elf_x86_64) supports shared libraries
configure:10426: result: yes
configure:10463: checking whether -lc should be explicitly linked in
configure:10468: gcc -c -g -O2  conftest.c >&5
configure:10471: $? = 0
configure:10486: gcc -shared conftest.o  -v -Wl,-soname -Wl,conftest -o conftest 2\>\&1 \| /bin/grep  -lc  \>/dev/null 2\>\&1
configure:10489: $? = 0
configure:10501: result: no
configure:10665: checking dynamic linker characteristics
configure:11108: gcc -o conftest -g -O2   -Wl,-rpath -Wl,/foo conftest.c  >&5
configure:11115: $? = 0
configure:11351: result: GNU/Linux ld.so
configure:11453: checking how to hardcode library paths into programs
configure:11478: result: immediate
configure:12311: checking whether stripping libraries is possible
configure:12316: result: yes
configure:12351: checking if libtool supports shared libraries
configure:12353: result: yes
configure:12356: checking whether to build shared libraries
configure:12377: result: yes
configure:12380: checking whether to build static libraries
configure:12384: result: yes
configure:12427: checking disable cast-qual Usage
configure:12441: result: no
configure:12447: checking host system type
configure:12462: result: x86_64-unknown-linux-gnu
configure:12547: checking for dlopen in -ldl
configure:12582: gcc -o conftest -g -O2   conftest.c -ldl   >&5
configure:12589: $? = 0
configure:12610: result: yes
configure:12613: "dl is installed"
configure:12621: checking for pthread_equal in -lpthread
configure:12656: gcc -o conftest -g -O2   conftest.c -lpthread   >&5
configure:12663: $? = 0
configure:12684: result: yes
configure:12687: "pthread is installed"
configure:12695: checking for curl_easy_init in -lcurl
configure:12730: gcc -o conftest -g -O2   conftest.c -lcurl   >&5
configure:12737: $? = 0
configure:12758: result: yes
configure:12761: "curl is installed"
configure:12789: checking fcntl.h usability
configure:12806: gcc -c -g -O2  conftest.c >&5
configure:12813: $? = 0
configure:12827: result: yes
configure:12831: checking fcntl.h presence
configure:12846: gcc -E  conftest.c
configure:12853: $? = 0
configure:12867: result: yes
configure:12900: checking for fcntl.h
configure:12909: result: yes
configure:12778: checking for inttypes.h
configure:12785: result: yes
configure:12935: checking pcap.h usability
configure:12952: gcc -c -g -O2  conftest.c >&5
configure:12959: $? = 0
configure:12973: result: yes
configure:12977: checking pcap.h presence
configure:12992: gcc -E  conftest.c
configure:12999: $? = 0
configure:13013: result: yes
configure:13046: checking for pcap.h
configure:13053: result: yes
configure:13079: checking curl/curl.h usability
configure:13096: gcc -c -g -O2  conftest.c >&5
configure:13103: $? = 0
configure:13117: result: yes
configure:13121: checking curl/curl.h presence
configure:13136: gcc -E  conftest.c
configure:13143: $? = 0
configure:13157: result: yes
configure:13190: checking for curl/curl.h
configure:13197: result: yes
configure:13214: checking for stdbool.h that conforms to C99
configure:13309: gcc -c -g -O2  conftest.c >&5
configure:13316: $? = 0
configure:13331: result: yes
configure:13333: checking for _Bool
configure:13361: gcc -c -g -O2  conftest.c >&5
configure:13368: $? = 0
configure:13395: gcc -c -g -O2  conftest.c >&5
conftest.c: In function 'main':
conftest.c:69:20: error: expected expression before ')' token
 if (sizeof ((_Bool)))
                    ^
configure:13402: $? = 1
configure: failed program was:
| /* confdefs.h.  */
| #define PACKAGE_NAME "joy"
| #define PACKAGE_TARNAME "joy"
| #define PACKAGE_VERSION "4.1.0"
| #define PACKAGE_STRING "joy 4.1.0"
| #define PACKAGE_BUGREPORT "https://github.com/cisco/joy/issues"
| #define PACKAGE "joy"
| #define VERSION "4.1.0"
| #define STDC_HEADERS 1
| #define HAVE_SYS_TYPES_H 1
| #define HAVE_SYS_STAT_H 1
| #define HAVE_STDLIB_H 1
| #define HAVE_STRING_H 1
| #define HAVE_MEMORY_H 1
| #define HAVE_STRINGS_H 1
| #define HAVE_INTTYPES_H 1
| #define HAVE_STDINT_H 1
| #define HAVE_UNISTD_H 1
| #define __EXTENSIONS__ 1
| #define _ALL_SOURCE 1
| #define _GNU_SOURCE 1
| #define _POSIX_PTHREAD_SEMANTICS 1
| #define _TANDEM_SOURCE 1
| #define JOY_MAJOR_VERSION 4
| #define JOY_MINOR_VERSION 1
| #define JOY_MICRO_VERSION 0
| #define HAVE_DLFCN_H 1
| #define LT_OBJDIR ".libs/"
| #define LINUX 1
| #define HAVE_FCNTL_H 1
| #define HAVE_INTTYPES_H 1
| /* end confdefs.h.  */
| #include <stdio.h>
| #ifdef HAVE_SYS_TYPES_H
| # include <sys/types.h>
| #endif
| #ifdef HAVE_SYS_STAT_H
| # include <sys/stat.h>
| #endif
| #ifdef STDC_HEADERS
| # include <stdlib.h>
| # include <stddef.h>
| #else
| # ifdef HAVE_STDLIB_H
| #  include <stdlib.h>
| # endif
| #endif
| #ifdef HAVE_STRING_H
| # if !defined STDC_HEADERS && defined HAVE_MEMORY_H
| #  include <memory.h>
| # endif
| # include <string.h>
| #endif
| #ifdef HAVE_STRINGS_H
| # include <strings.h>
| #endif
| #ifdef HAVE_INTTYPES_H
| # include <inttypes.h>
| #endif
| #ifdef HAVE_STDINT_H
| # include <stdint.h>
| #endif
| #ifdef HAVE_UNISTD_H
| # include <unistd.h>
| #endif
| int
| main ()
| {
| if (sizeof ((_Bool)))
| 	  return 0;
|   ;
|   return 0;
| }
configure:13425: result: yes
configure:13445: checking for int32_t
configure:13476: gcc -c -g -O2  conftest.c >&5
configure:13483: $? = 0
configure:13512: gcc -c -g -O2  conftest.c >&5
conftest.c: In function 'main':
conftest.c:72:53: warning: integer overflow in expression [-Woverflow]
    < (int32_t) ((((int32_t) 1 << (32 - 2)) - 1) * 2 + 2))];
                                                     ^
conftest.c:71:12: error: storage size of 'test_array' isn't constant
 static int test_array [1 - 2 * !((int32_t) ((((int32_t) 1 << (32 - 2)) - 1) * 2 + 1)
            ^
configure:13519: $? = 1
configure: failed program was:
| /* confdefs.h.  */
| #define PACKAGE_NAME "joy"
| #define PACKAGE_TARNAME "joy"
| #define PACKAGE_VERSION "4.1.0"
| #define PACKAGE_STRING "joy 4.1.0"
| #define PACKAGE_BUGREPORT "https://github.com/cisco/joy/issues"
| #define PACKAGE "joy"
| #define VERSION "4.1.0"
| #define STDC_HEADERS 1
| #define HAVE_SYS_TYPES_H 1
| #define HAVE_SYS_STAT_H 1
| #define HAVE_STDLIB_H 1
| #define HAVE_STRING_H 1
| #define HAVE_MEMORY_H 1
| #define HAVE_STRINGS_H 1
| #define HAVE_INTTYPES_H 1
| #define HAVE_STDINT_H 1
| #define HAVE_UNISTD_H 1
| #define __EXTENSIONS__ 1
| #define _ALL_SOURCE 1
| #define _GNU_SOURCE 1
| #define _POSIX_PTHREAD_SEMANTICS 1
| #define _TANDEM_SOURCE 1
| #define JOY_MAJOR_VERSION 4
| #define JOY_MINOR_VERSION 1
| #define JOY_MICRO_VERSION 0
| #define HAVE_DLFCN_H 1
| #define LT_OBJDIR ".libs/"
| #define LINUX 1
| #define HAVE_FCNTL_H 1
| #define HAVE_INTTYPES_H 1
| #define HAVE__BOOL 1
| #define HAVE_STDBOOL_H 1
| /* end confdefs.h.  */
| #include <stdio.h>
| #ifdef HAVE_SYS_TYPES_H
| # include <sys/types.h>
| #endif
| #ifdef HAVE_SYS_STAT_H
| # include <sys/stat.h>
| #endif
| #ifdef STDC_HEADERS
| # include <stdlib.h>
| # include <stddef.h>
| #else
| # ifdef HAVE_STDLIB_H
| #  include <stdlib.h>
| # endif
| #endif
| #ifdef HAVE_STRING_H
| # if !defined STDC_HEADERS && defined HAVE_MEMORY_H
| #  include <memory.h>
| # endif
| # include <string.h>
| #endif
| #ifdef HAVE_STRINGS_H
| # include <strings.h>
| #endif
| #ifdef HAVE_INTTYPES_H
| # include <inttypes.h>
| #endif
| #ifdef HAVE_STDINT_H
| # include <stdint.h>
| #endif
| #ifdef HAVE_UNISTD_H
| # include <unistd.h>
| #endif
| int
| main ()
| {
| static int test_array [1 - 2 * !((int32_t) ((((int32_t) 1 << (32 - 2)) - 1) * 2 + 1)
| 		 < (int32_t) ((((int32_t) 1 << (32 - 2)) - 1) * 2 + 2))];
| test_array [0] = 0
| 
|   ;
|   return 0;
| }
configure:13548: result: yes
configure:13560: checking for pid_t
configure:13588: gcc -c -g -O2  conftest.c >&5
configure:13595: $? = 0
configure:13622: gcc -c -g -O2  conftest.c >&5
conftest.c: In function 'main':
conftest.c:71:20: error: expected expression before ')' token
 if (sizeof ((pid_t)))
                    ^
configure:13629: $? = 1
configure: failed program was:
| /* confdefs.h.  */
| #define PACKAGE_NAME "joy"
| #define PACKAGE_TARNAME "joy"
| #define PACKAGE_VERSION "4.1.0"
| #define PACKAGE_STRING "joy 4.1.0"
| #define PACKAGE_BUGREPORT "https://github.com/cisco/joy/issues"
| #define PACKAGE "joy"
| #define VERSION "4.1.0"
| #define STDC_HEADERS 1
| #define HAVE_SYS_TYPES_H 1
| #define HAVE_SYS_STAT_H 1
| #define HAVE_STDLIB_H 1
| #define HAVE_STRING_H 1
| #define HAVE_MEMORY_H 1
| #define HAVE_STRINGS_H 1
| #define HAVE_INTTYPES_H 1
| #define HAVE_STDINT_H 1
| #define HAVE_UNISTD_H 1
| #define __EXTENSIONS__ 1
| #define _ALL_SOURCE 1
| #define _GNU_SOURCE 1
| #define _POSIX_PTHREAD_SEMANTICS 1
| #define _TANDEM_SOURCE 1
| #define JOY_MAJOR_VERSION 4
| #define JOY_MINOR_VERSION 1
| #define JOY_MICRO_VERSION 0
| #define HAVE_DLFCN_H 1
| #define LT_OBJDIR ".libs/"
| #define LINUX 1
| #define HAVE_FCNTL_H 1
| #define HAVE_INTTYPES_H 1
| #define HAVE__BOOL 1
| #define HAVE_STDBOOL_H 1
| /* end confdefs.h.  */
| #include <stdio.h>
| #ifdef HAVE_SYS_TYPES_H
| # include <sys/types.h>
| #endif
| #ifdef HAVE_SYS_STAT_H
| # include <sys/stat.h>
| #endif
| #ifdef STDC_HEADERS
| # include <stdlib.h>
| # include <stddef.h>
| #else
| # ifdef HAVE_STDLIB_H
| #  include <stdlib.h>
| # endif
| #endif
| #ifdef HAVE_STRING_H
| # if !defined STDC_HEADERS && defined HAVE_MEMORY_H
| #  include <memory.h>
| # endif
| # include <string.h>
| #endif
| #ifdef HAVE_STRINGS_H
| # include <strings.h>
| #endif
| #ifdef HAVE_INTTYPES_H
| # include <inttypes.h>
| #endif
| #ifdef HAVE_STDINT_H
| # include <stdint.h>
| #endif
| #ifdef HAVE_UNISTD_H
| # include <unistd.h>
| #endif
| int
| main ()
| {
| if (sizeof ((pid_t)))
| 	  return 0;
|   ;
|   return 0;
| }
configure:13652: result: yes
configure:13664: checking for size_t
configure:13692: gcc -c -g -O2  conftest.c >&5
configure:13699: $? = 0
configure:13726: gcc -c -g -O2  conftest.c >&5
conftest.c: In function 'main':
conftest.c:71:21: error: expected expression before ')' token
 if (sizeof ((size_t)))
                     ^
configure:13733: $? = 1
configure: failed program was:
| /* confdefs.h.  */
| #define PACKAGE_NAME "joy"
| #define PACKAGE_TARNAME "joy"
| #define PACKAGE_VERSION "4.1.0"
| #define PACKAGE_STRING "joy 4.1.0"
| #define PACKAGE_BUGREPORT "https://github.com/cisco/joy/issues"
| #define PACKAGE "joy"
| #define VERSION "4.1.0"
| #define STDC_HEADERS 1
| #define HAVE_SYS_TYPES_H 1
| #define HAVE_SYS_STAT_H 1
| #define HAVE_STDLIB_H 1
| #define HAVE_STRING_H 1
| #define HAVE_MEMORY_H 1
| #define HAVE_STRINGS_H 1
| #define HAVE_INTTYPES_H 1
| #define HAVE_STDINT_H 1
| #define HAVE_UNISTD_H 1
| #define __EXTENSIONS__ 1
| #define _ALL_SOURCE 1
| #define _GNU_SOURCE 1
| #define _POSIX_PTHREAD_SEMANTICS 1
| #define _TANDEM_SOURCE 1
| #define JOY_MAJOR_VERSION 4
| #define JOY_MINOR_VERSION 1
| #define JOY_MICRO_VERSION 0
| #define HAVE_DLFCN_H 1
| #define LT_OBJDIR ".libs/"
| #define LINUX 1
| #define HAVE_FCNTL_H 1
| #define HAVE_INTTYPES_H 1
| #define HAVE__BOOL 1
| #define HAVE_STDBOOL_H 1
| /* end confdefs.h.  */
| #include <stdio.h>
| #ifdef HAVE_SYS_TYPES_H
| # include <sys/types.h>
| #endif
| #ifdef HAVE_SYS_STAT_H
| # include <sys/stat.h>
| #endif
| #ifdef STDC_HEADERS
| # include <stdlib.h>
| # include <stddef.h>
| #else
| # ifdef HAVE_STDLIB_H
| #  include <stdlib.h>
| # endif
| #endif
| #ifdef HAVE_STRING_H
| # if !defined STDC_HEADERS && defined HAVE_MEMORY_H
| #  include <memory.h>
| # endif
| # include <string.h>
| #endif
| #ifdef HAVE_STRINGS_H
| # include <strings.h>
| #endif
| #ifdef HAVE_INTTYPES_H
| # include <inttypes.h>
| #endif
| #ifdef HAVE_STDINT_H
| # include <stdint.h>
| #endif
| #ifdef HAVE_UNISTD_H
| # include <unistd.h>
| #endif
| int
| main ()
| {
| if (sizeof ((size_t)))
| 	  return 0;
|   ;
|   return 0;
| }
configure:13756: result: yes
configure:13769: checking for uint16_t
configure:13800: gcc -c -g -O2  conftest.c >&5
configure:13807: $? = 0
configure:13828: result: yes
configure:13842: checking for uint32_t
configure:13873: gcc -c -g -O2  conftest.c >&5
configure:13880: $? = 0
configure:13901: result: yes
configure:13919: checking for uint64_t
configure:13950: gcc -c -g -O2  conftest.c >&5
configure:13957: $? = 0
configure:13978: result: yes
configure:13996: checking for uint8_t
configure:14027: gcc -c -g -O2  conftest.c >&5
configure:14034: $? = 0
configure:14055: result: yes
configure:14090: checking vfork.h usability
configure:14107: gcc -c -g -O2  conftest.c >&5
conftest.c:68:19: fatal error: vfork.h: No such file or directory
compilation terminated.
configure:14114: $? = 1
configure: failed program was:
| /* confdefs.h.  */
| #define PACKAGE_NAME "joy"
| #define PACKAGE_TARNAME "joy"
| #define PACKAGE_VERSION "4.1.0"
| #define PACKAGE_STRING "joy 4.1.0"
| #define PACKAGE_BUGREPORT "https://github.com/cisco/joy/issues"
| #define PACKAGE "joy"
| #define VERSION "4.1.0"
| #define STDC_HEADERS 1
| #define HAVE_SYS_TYPES_H 1
| #define HAVE_SYS_STAT_H 1
| #define HAVE_STDLIB_H 1
| #define HAVE_STRING_H 1
| #define HAVE_MEMORY_H 1
| #define HAVE_STRINGS_H 1
| #define HAVE_INTTYPES_H 1
| #define HAVE_STDINT_H 1
| #define HAVE_UNISTD_H 1
| #define __EXTENSIONS__ 1
| #define _ALL_SOURCE 1
| #define _GNU_SOURCE 1
| #define _POSIX_PTHREAD_SEMANTICS 1
| #define _TANDEM_SOURCE 1
| #define JOY_MAJOR_VERSION 4
| #define JOY_MINOR_VERSION 1
| #define JOY_MICRO_VERSION 0
| #define HAVE_DLFCN_H 1
| #define LT_OBJDIR ".libs/"
| #define LINUX 1
| #define HAVE_FCNTL_H 1
| #define HAVE_INTTYPES_H 1
| #define HAVE__BOOL 1
| #define HAVE_STDBOOL_H 1
| /* end confdefs.h.  */
| #include <stdio.h>
| #ifdef HAVE_SYS_TYPES_H
| # include <sys/types.h>
| #endif
| #ifdef HAVE_SYS_STAT_H
| # include <sys/stat.h>
| #endif
| #ifdef STDC_HEADERS
| # include <stdlib.h>
| # include <stddef.h>
| #else
| # ifdef HAVE_STDLIB_H
| #  include <stdlib.h>
| # endif
| #endif
| #ifdef HAVE_STRING_H
| # if !defined STDC_HEADERS && defined HAVE_MEMORY_H
| #  include <memory.h>
| # endif
| # include <string.h>
| #endif
| #ifdef HAVE_STRINGS_H
| # include <strings.h>
| #endif
| #ifdef HAVE_INTTYPES_H
| # include <inttypes.h>
| #endif
| #ifdef HAVE_STDINT_H
| # include <stdint.h>
| #endif
| #ifdef HAVE_UNISTD_H
| # include <unistd.h>
| #endif
| #include <vfork.h>
configure:14128: result: no
configure:14132: checking vfork.h presence
configure:14147: gcc -E  conftest.c
conftest.c:35:19: fatal error: vfork.h: No such file or directory
compilation terminated.
configure:14154: $? = 1
configure: failed program was:
| /* confdefs.h.  */
| #define PACKAGE_NAME "joy"
| #define PACKAGE_TARNAME "joy"
| #define PACKAGE_VERSION "4.1.0"
| #define PACKAGE_STRING "joy 4.1.0"
| #define PACKAGE_BUGREPORT "https://github.com/cisco/joy/issues"
| #define PACKAGE "joy"
| #define VERSION "4.1.0"
| #define STDC_HEADERS 1
| #define HAVE_SYS_TYPES_H 1
| #define HAVE_SYS_STAT_H 1
| #define HAVE_STDLIB_H 1
| #define HAVE_STRING_H 1
| #define HAVE_MEMORY_H 1
| #define HAVE_STRINGS_H 1
| #define HAVE_INTTYPES_H 1
| #define HAVE_STDINT_H 1
| #define HAVE_UNISTD_H 1
| #define __EXTENSIONS__ 1
| #define _ALL_SOURCE 1
| #define _GNU_SOURCE 1
| #define _POSIX_PTHREAD_SEMANTICS 1
| #define _TANDEM_SOURCE 1
| #define JOY_MAJOR_VERSION 4
| #define JOY_MINOR_VERSION 1
| #define JOY_MICRO_VERSION 0
| #define HAVE_DLFCN_H 1
| #define LT_OBJDIR ".libs/"
| #define LINUX 1
| #define HAVE_FCNTL_H 1
| #define HAVE_INTTYPES_H 1
| #define HAVE__BOOL 1
| #define HAVE_STDBOOL_H 1
| /* end confdefs.h.  */
| #include <vfork.h>
configure:14168: result: no
configure:14201: checking for vfork.h
configure:14210: result: no
configure:14230: checking for fork
configure:14286: gcc -o conftest -g -O2   conftest.c  >&5
conftest.c:58:6: warning: conflicting types for built-in function 'fork'
 char fork ();
      ^
configure:14293: $? = 0
configure:14315: result: yes
configure:14230: checking for vfork
configure:14286: gcc -o conftest -g -O2   conftest.c  >&5
configure:14293: $? = 0
configure:14315: result: yes
configure:14328: checking for working fork
configure:14360: gcc -o conftest -g -O2   conftest.c  >&5
configure:14364: $? = 0
configure:14370: ./conftest
configure:14374: $? = 0
configure:14391: result: yes
configure:14412: checking for working vfork
configure:14553: result: yes
configure:14601: checking for gettimeofday
configure:14657: gcc -o conftest -g -O2   conftest.c  >&5
configure:14664: $? = 0
configure:14686: result: yes
configure:14601: checking for memsetstrcasecmp
configure:14657: gcc -o conftest -g -O2   conftest.c  >&5
/tmp/ccsKivjt.o: In function `main':
/home/healthsense/Documentos/AnaliseTrafego/joy/conftest.c:74: undefined reference to `memsetstrcasecmp'
collect2: error: ld returned 1 exit status
configure:14664: $? = 1
configure: failed program was:
| /* confdefs.h.  */
| #define PACKAGE_NAME "joy"
| #define PACKAGE_TARNAME "joy"
| #define PACKAGE_VERSION "4.1.0"
| #define PACKAGE_STRING "joy 4.1.0"
| #define PACKAGE_BUGREPORT "https://github.com/cisco/joy/issues"
| #define PACKAGE "joy"
| #define VERSION "4.1.0"
| #define STDC_HEADERS 1
| #define HAVE_SYS_TYPES_H 1
| #define HAVE_SYS_STAT_H 1
| #define HAVE_STDLIB_H 1
| #define HAVE_STRING_H 1
| #define HAVE_MEMORY_H 1
| #define HAVE_STRINGS_H 1
| #define HAVE_INTTYPES_H 1
| #define HAVE_STDINT_H 1
| #define HAVE_UNISTD_H 1
| #define __EXTENSIONS__ 1
| #define _ALL_SOURCE 1
| #define _GNU_SOURCE 1
| #define _POSIX_PTHREAD_SEMANTICS 1
| #define _TANDEM_SOURCE 1
| #define JOY_MAJOR_VERSION 4
| #define JOY_MINOR_VERSION 1
| #define JOY_MICRO_VERSION 0
| #define HAVE_DLFCN_H 1
| #define LT_OBJDIR ".libs/"
| #define LINUX 1
| #define HAVE_FCNTL_H 1
| #define HAVE_INTTYPES_H 1
| #define HAVE__BOOL 1
| #define HAVE_STDBOOL_H 1
| #define HAVE_FORK 1
| #define HAVE_VFORK 1
| #define HAVE_WORKING_VFORK 1
| #define HAVE_WORKING_FORK 1
| #define HAVE_GETTIMEOFDAY 1
| /* end confdefs.h.  */
| /* Define memsetstrcasecmp to an innocuous variant, in case <limits.h> declares memsetstrcasecmp.
|    For example, HP-UX 11i <limits.h> declares gettimeofday.  */
| #define memsetstrcasecmp innocuous_memsetstrcasecmp
| 
| /* System header to define __stub macros and hopefully few prototypes,
|     which can conflict with char memsetstrcasecmp (); below.
|     Prefer <limits.h> to <assert.h> if __STDC__ is defined, since
|     <limits.h> exists even on freestanding compilers.  */
| 
| #ifdef __STDC__
| # include <limits.h>
| #else
| # include <assert.h>
| #endif
| 
| #undef memsetstrcasecmp
| 
| /* Override any GCC internal prototype to avoid an error.
|    Use char because int might match the return type of a GCC
|    builtin and then its argument prototype would still apply.  */
| #ifdef __cplusplus
| extern "C"
| #endif
| char memsetstrcasecmp ();
| /* The GNU C library defines this for functions which it implements
|     to always fail with ENOSYS.  Some functions are actually named
|     something starting with __ and the normal name is an alias.  */
| #if defined __stub_memsetstrcasecmp || defined __stub___memsetstrcasecmp
| choke me
| #endif
| 
| int
| main ()
| {
| return memsetstrcasecmp ();
|   ;
|   return 0;
| }
configure:14686: result: no
configure:14601: checking for strdup
configure:14657: gcc -o conftest -g -O2   conftest.c  >&5
conftest.c:63:6: warning: conflicting types for built-in function 'strdup'
 char strdup ();
      ^
configure:14664: $? = 0
configure:14686: result: yes
configure:14601: checking for strerror
configure:14657: gcc -o conftest -g -O2   conftest.c  >&5
configure:14664: $? = 0
configure:14686: result: yes
configure:14601: checking for strndup
configure:14657: gcc -o conftest -g -O2   conftest.c  >&5
conftest.c:65:6: warning: conflicting types for built-in function 'strndup'
 char strndup ();
      ^
configure:14664: $? = 0
configure:14686: result: yes
configure:14601: checking for strstr
configure:14657: gcc -o conftest -g -O2   conftest.c  >&5
conftest.c:66:6: warning: conflicting types for built-in function 'strstr'
 char strstr ();
      ^
configure:14664: $? = 0
configure:14686: result: yes
configure:14601: checking for strtol
configure:14657: gcc -o conftest -g -O2   conftest.c  >&5
configure:14664: $? = 0
configure:14686: result: yes
configure:14601: checking for strtoul
configure:14657: gcc -o conftest -g -O2   conftest.c  >&5
configure:14664: $? = 0
configure:14686: result: yes
configure:14601: checking for calloc
configure:14657: gcc -o conftest -g -O2   conftest.c  >&5
conftest.c:69:6: warning: conflicting types for built-in function 'calloc'
 char calloc ();
      ^
configure:14664: $? = 0
configure:14686: result: yes
configure:14601: checking for chmod
configure:14657: gcc -o conftest -g -O2   conftest.c  >&5
configure:14664: $? = 0
configure:14686: result: yes
configure:14601: checking for rename
configure:14657: gcc -o conftest -g -O2   conftest.c  >&5
configure:14664: $? = 0
configure:14686: result: yes
configure:14601: checking for remove
configure:14657: gcc -o conftest -g -O2   conftest.c  >&5
configure:14664: $? = 0
configure:14686: result: yes
configure:14722: checking for EVP_EncryptInit in -lcrypto
configure:14757: gcc -o conftest -g -O2   conftest.c -lcrypto   >&5
configure:14764: $? = 0
configure:14785: result: yes
configure:14788: "openSSL is installed"
configure:14911: checking enable bzip2
configure:15098: result: no
configure:15105: checking enable gzip
configure:15117: result: yes
configure:15145: checking zlib.h usability
configure:15162: gcc -c -g -O2  conftest.c >&5
conftest.c:51:0: warning: "COMPRESSED_OUTPUT" redefined
 #define COMPRESSED_OUTPUT 1
 ^
conftest.c:49:0: note: this is the location of the previous definition
 #define COMPRESSED_OUTPUT 0
 ^
configure:15169: $? = 0
configure:15183: result: yes
configure:15187: checking zlib.h presence
configure:15202: gcc -E  conftest.c
conftest.c:51:0: warning: "COMPRESSED_OUTPUT" redefined
 #define COMPRESSED_OUTPUT 1
 ^
conftest.c:49:0: note: this is the location of the previous definition
 #define COMPRESSED_OUTPUT 0
 ^
configure:15209: $? = 0
configure:15223: result: yes
configure:15256: checking for zlib.h
configure:15265: result: yes
configure:15285: checking for zlib.h
configure:15292: result: yes
configure:15467: result: yes
configure:15643: creating ./config.status

## ---------------------- ##
## Running config.status. ##
## ---------------------- ##

This file was extended by joy config.status 4.1.0, which was
generated by GNU Autoconf 2.63.  Invocation command line was

  CONFIG_FILES    = 
  CONFIG_HEADERS  = 
  CONFIG_LINKS    = 
  CONFIG_COMMANDS = 
  $ ./config.status 

on healthsense-av

config.status:1041: creating Makefile
config.status:1041: creating safe_c_stub/Makefile
config.status:1041: creating safe_c_stub/lib/Makefile
config.status:1041: creating lib/Makefile
config.status:1041: creating bin/Makefile
config.status:1041: creating joy_config.h
config.status:1315: executing depfiles commands
config.status:1315: executing libtool commands

## ---------------- ##
## Cache variables. ##
## ---------------- ##

ac_cv_build=x86_64-unknown-linux-gnu
ac_cv_c_compiler_gnu=yes
ac_cv_c_int32_t=yes
ac_cv_c_uint16_t=yes
ac_cv_c_uint32_t=yes
ac_cv_c_uint64_t=yes
ac_cv_c_uint8_t=yes
ac_cv_env_CC_set=
ac_cv_env_CC_value=
ac_cv_env_CFLAGS_set=
ac_cv_env_CFLAGS_value=
ac_cv_env_CPPFLAGS_set=
ac_cv_env_CPPFLAGS_value=
ac_cv_env_CPP_set=
ac_cv_env_CPP_value=
ac_cv_env_LDFLAGS_set=
ac_cv_env_LDFLAGS_value=
ac_cv_env_LIBS_set=
ac_cv_env_LIBS_value=
ac_cv_env_build_alias_set=
ac_cv_env_build_alias_value=
ac_cv_env_host_alias_set=
ac_cv_env_host_alias_value=
ac_cv_env_target_alias_set=
ac_cv_env_target_alias_value=
ac_cv_func_calloc=yes
ac_cv_func_chmod=yes
ac_cv_func_fork=yes
ac_cv_func_fork_works=yes
ac_cv_func_gettimeofday=yes
ac_cv_func_memsetstrcasecmp=no
ac_cv_func_remove=yes
ac_cv_func_rename=yes
ac_cv_func_strdup=yes
ac_cv_func_strerror=yes
ac_cv_func_strndup=yes
ac_cv_func_strstr=yes
ac_cv_func_strtol=yes
ac_cv_func_strtoul=yes
ac_cv_func_vfork=yes
ac_cv_func_vfork_works=yes
ac_cv_header_curl_curl_h=yes
ac_cv_header_dlfcn_h=yes
ac_cv_header_fcntl_h=yes
ac_cv_header_inttypes_h=yes
ac_cv_header_memory_h=yes
ac_cv_header_minix_config_h=no
ac_cv_header_pcap_h=yes
ac_cv_header_stdbool_h=yes
ac_cv_header_stdc=yes
ac_cv_header_stdint_h=yes
ac_cv_header_stdlib_h=yes
ac_cv_header_string_h=yes
ac_cv_header_strings_h=yes
ac_cv_header_sys_stat_h=yes
ac_cv_header_sys_types_h=yes
ac_cv_header_unistd_h=yes
ac_cv_header_vfork_h=no
ac_cv_header_zlib_h=yes
ac_cv_host=x86_64-unknown-linux-gnu
ac_cv_lib_crypto_EVP_EncryptInit=yes
ac_cv_lib_curl_curl_easy_init=yes
ac_cv_lib_dl_dlopen=yes
ac_cv_lib_pthread_pthread_equal=yes
ac_cv_objext=o
ac_cv_path_EGREP='/bin/grep -E'
ac_cv_path_FGREP='/bin/grep -F'
ac_cv_path_GREP=/bin/grep
ac_cv_path_SED=/bin/sed
ac_cv_path_install='/usr/bin/install -c'
ac_cv_path_mkdir=/bin/mkdir
ac_cv_prog_AWK=gawk
ac_cv_prog_CPP='gcc -E'
ac_cv_prog_ac_ct_AR=ar
ac_cv_prog_ac_ct_CC=gcc
ac_cv_prog_ac_ct_OBJDUMP=objdump
ac_cv_prog_ac_ct_RANLIB=ranlib
ac_cv_prog_ac_ct_STRIP=strip
ac_cv_prog_cc_c89=
ac_cv_prog_cc_g=yes
ac_cv_prog_cc_gcc_c_o=yes
ac_cv_prog_make_make_set=yes
ac_cv_safe_to_define___extensions__=yes
ac_cv_type__Bool=yes
ac_cv_type_pid_t=yes
ac_cv_type_size_t=yes
am_cv_CC_dependencies_compiler_type=gcc3
lt_cv_deplibs_check_method=pass_all
lt_cv_file_magic_cmd='$MAGIC_CMD'
lt_cv_file_magic_test_file=
lt_cv_ld_reload_flag=-r
lt_cv_nm_interface='BSD nm'
lt_cv_objdir=.libs
lt_cv_path_LD=/usr/bin/ld
lt_cv_path_NM='/usr/bin/nm -B'
lt_cv_prog_compiler_c_o=yes
lt_cv_prog_compiler_pic_works=yes
lt_cv_prog_compiler_rtti_exceptions=no
lt_cv_prog_compiler_static_works=yes
lt_cv_prog_gnu_ld=yes
lt_cv_sys_global_symbol_pipe='sed -n -e '\''s/^.*[	 ]\([ABCDGIRSTW][ABCDGIRSTW]*\)[	 ][	 ]*\([_A-Za-z][_A-Za-z0-9]*\)$/\1 \2 \2/p'\'''
lt_cv_sys_global_symbol_to_c_name_address='sed -n -e '\''s/^: \([^ ]*\) $/  {\"\1\", (void *) 0},/p'\'' -e '\''s/^[ABCDGIRSTW]* \([^ ]*\) \([^ ]*\)$/  {"\2", (void *) \&\2},/p'\'''
lt_cv_sys_global_symbol_to_c_name_address_lib_prefix='sed -n -e '\''s/^: \([^ ]*\) $/  {\"\1\", (void *) 0},/p'\'' -e '\''s/^[ABCDGIRSTW]* \([^ ]*\) \(lib[^ ]*\)$/  {"\2", (void *) \&\2},/p'\'' -e '\''s/^[ABCDGIRSTW]* \([^ ]*\) \([^ ]*\)$/  {"lib\2", (void *) \&\2},/p'\'''
lt_cv_sys_global_symbol_to_cdecl='sed -n -e '\''s/^T .* \(.*\)$/extern int \1();/p'\'' -e '\''s/^[ABCDGIRSTW]* .* \(.*\)$/extern char \1;/p'\'''
lt_cv_sys_max_cmd_len=1572864

## ----------------- ##
## Output variables. ##
## ----------------- ##

ACLOCAL='${SHELL} /home/healthsense/Documentos/AnaliseTrafego/joy/config/missing --run aclocal-1.11'
AMDEPBACKSLASH='\'
AMDEP_FALSE='#'
AMDEP_TRUE=''
AMTAR='${SHELL} /home/healthsense/Documentos/AnaliseTrafego/joy/config/missing --run tar'
AM_CFLAGS='-Werror -Wall -Wbad-function-cast -Wchar-subscripts -Wcomment -Wdeprecated-declarations -Wdisabled-optimization -Wdiv-by-zero -Wendif-labels -Wformat -Wformat-extra-args -Wformat-security -Wformat-y2k -Wimplicit -Wimplicit-function-declaration -Wimplicit-int -Wimport -Winline -Winvalid-pch -Wmain -Wmissing-braces -Wmissing-format-attribute -Wmissing-noreturn -Wmultichar -Wnested-externs -Wnonnull -Wparentheses -Wpointer-arith -Wreturn-type -Wsequence-point -Wsign-compare -Wstrict-aliasing -Wstrict-prototypes -Wswitch -Wswitch-default -Wswitch-enum -Wsystem-headers -Wtrigraphs -Wunknown-pragmas -Wunused -Wunused-function -Wunused-label -Wunused-parameter -Wunused-value -Wunused-variable -Wwrite-strings -Wno-pointer-sign -Wextra -fPIC -fPIE -D_FORTIFY_SOURCE=2 -O -D_GNU_SOURCE  -Wunused-but-set-variable -Wcast-align -Wl,-z,noexecstack'
AM_CFLAGS_LITE='-Werror -Wall -fPIC'
AR='ar'
AUTOCONF='${SHELL} /home/healthsense/Documentos/AnaliseTrafego/joy/config/missing --run autoconf'
AUTOHEADER='${SHELL} /home/healthsense/Documentos/AnaliseTrafego/joy/config/missing --run autoheader'
AUTOMAKE='${SHELL} /home/healthsense/Documentos/AnaliseTrafego/joy/config/missing --run automake-1.11'
AWK='gawk'
BUILD_MAC_FALSE=''
BUILD_MAC_TRUE='#'
BUILD_WITH_SAFEC_FALSE=''
BUILD_WITH_SAFEC_TRUE='#'
CC='gcc'
CCDEPMODE='depmode=gcc3'
CFLAGS='-g -O2'
CPP='gcc -E'
CPPFLAGS=''
CURL_CFLAGS=''
CURL_LDFLAGS=''
CYGPATH_W='echo'
DEFS='-DHAVE_CONFIG_H'
DEPDIR='.deps'
DSYMUTIL=''
DUMPBIN=''
ECHO_C=''
ECHO_N='-n'
ECHO_T=''
EGREP='/bin/grep -E'
EXEEXT=''
FGREP='/bin/grep -F'
GREP='/bin/grep'
INSTALL_DATA='${INSTALL} -m 644'
INSTALL_PROGRAM='${INSTALL}'
INSTALL_SCRIPT='${INSTALL}'
INSTALL_STRIP_PROGRAM='$(install_sh) -c -s'
JOY_LIBRARY_VERSION='4:1:0'
LD='/usr/bin/ld -m elf_x86_64'
LDFLAGS=' -lz'
LIBOBJS=''
LIBS=''
LIBTOOL='$(SHELL) $(top_builddir)/libtool'
LIPO=''
LN_S='ln -s'
LTLIBOBJS=''
MAINT='#'
MAINTAINER_MODE_FALSE=''
MAINTAINER_MODE_TRUE='#'
MAKEINFO='${SHELL} /home/healthsense/Documentos/AnaliseTrafego/joy/config/missing --run makeinfo'
MKDIR_P='/bin/mkdir -p'
NM='/usr/bin/nm -B'
NMEDIT=''
OBJDUMP='objdump'
OBJEXT='o'
OTOOL64=''
OTOOL=''
PACKAGE='joy'
PACKAGE_BUGREPORT='https://github.com/cisco/joy/issues'
PACKAGE_NAME='joy'
PACKAGE_STRING='joy 4.1.0'
PACKAGE_TARNAME='joy'
PACKAGE_VERSION='4.1.0'
PATH_SEPARATOR=':'
PKG_VERSION_NUMBER='4:1:0'
RANLIB='ranlib'
SAFEC_DIR='$(abs_top_builddir)/safe_c_stub'
SED='/bin/sed'
SET_MAKE=''
SHELL='/bin/bash'
SSL_CFLAGS=''
SSL_LDFLAGS=''
STRIP='strip'
VERSION='4.1.0'
ac_ct_CC='gcc'
ac_ct_DUMPBIN=''
am__EXEEXT_FALSE=''
am__EXEEXT_TRUE='#'
am__fastdepCC_FALSE='#'
am__fastdepCC_TRUE=''
am__include='include'
am__isrc=''
am__leading_dot='.'
am__quote=''
am__tar='${AMTAR} chof - "$$tardir"'
am__untar='${AMTAR} xf -'
bindir='${exec_prefix}/bin'
build='x86_64-unknown-linux-gnu'
build_alias=''
build_cpu='x86_64'
build_os='linux-gnu'
build_vendor='unknown'
datadir='${datarootdir}'
datarootdir='${prefix}/share'
docdir='${datarootdir}/doc/${PACKAGE_TARNAME}'
dvidir='${docdir}'
exec_prefix='${prefix}'
host='x86_64-unknown-linux-gnu'
host_alias=''
host_cpu='x86_64'
host_os='linux-gnu'
host_vendor='unknown'
htmldir='${docdir}'
includedir='${prefix}/include'
infodir='${datarootdir}/info'
install_sh='${SHELL} /home/healthsense/Documentos/AnaliseTrafego/joy/config/install-sh'
libdir='${exec_prefix}/lib'
libexecdir='${exec_prefix}/libexec'
localedir='${datarootdir}/locale'
localstatedir='${prefix}/var'
lt_ECHO='echo'
mandir='${datarootdir}/man'
mkdir_p='/bin/mkdir -p'
oldincludedir='/usr/include'
pdfdir='${docdir}'
prefix='/usr/local/joy'
program_transform_name='s,x,x,'
psdir='${docdir}'
sbindir='${exec_prefix}/sbin'
sharedstatedir='${prefix}/com'
sysconfdir='${prefix}/etc'
target_alias=''

## ----------- ##
## confdefs.h. ##
## ----------- ##

#define PACKAGE_NAME "joy"
#define PACKAGE_TARNAME "joy"
#define PACKAGE_VERSION "4.1.0"
#define PACKAGE_STRING "joy 4.1.0"
#define PACKAGE_BUGREPORT "https://github.com/cisco/joy/issues"
#define PACKAGE "joy"
#define VERSION "4.1.0"
#define STDC_HEADERS 1
#define HAVE_SYS_TYPES_H 1
#define HAVE_SYS_STAT_H 1
#define HAVE_STDLIB_H 1
#define HAVE_STRING_H 1
#define HAVE_MEMORY_H 1
#define HAVE_STRINGS_H 1
#define HAVE_INTTYPES_H 1
#define HAVE_STDINT_H 1
#define HAVE_UNISTD_H 1
#define __EXTENSIONS__ 1
#define _ALL_SOURCE 1
#define _GNU_SOURCE 1
#define _POSIX_PTHREAD_SEMANTICS 1
#define _TANDEM_SOURCE 1
#define JOY_MAJOR_VERSION 4
#define JOY_MINOR_VERSION 1
#define JOY_MICRO_VERSION 0
#define HAVE_DLFCN_H 1
#define LT_OBJDIR ".libs/"
#define LINUX 1
#define HAVE_FCNTL_H 1
#define HAVE_INTTYPES_H 1
#define HAVE__BOOL 1
#define HAVE_STDBOOL_H 1
#define HAVE_FORK 1
#define HAVE_VFORK 1
#define HAVE_WORKING_VFORK 1
#define HAVE_WORKING_FORK 1
#define HAVE_GETTIMEOFDAY 1
#define HAVE_STRDUP 1
#define HAVE_STRERROR 1
#define HAVE_STRNDUP 1
#define HAVE_STRSTR 1
#define HAVE_STRTOL 1
#define HAVE_STRTOUL 1
#define HAVE_CALLOC 1
#define HAVE_CHMOD 1
#define HAVE_RENAME 1
#define HAVE_REMOVE 1
#define COMPRESSED_OUTPUT 0
#define USE_GZIP /**/
#define COMPRESSED_OUTPUT 1
#define HAVE_ZLIB_H 1
#define HAVE_ZLIB_H 1

configure: exit 0
